>>> No Field Transformation HMC Simulation: 
>>> Initial thermalization...
>>> Using step size: 0.10
>>> Final thermalization...
>>> Simulation completed
>>> Theoretical plaquette:  0.8933831370440852
>>> Mean plaq:  0.8939428580342792
>>> Std of mean plaq:  0.00029402910124398337
Thermalization acceptance rate: 0.7500
Acceptance rate: 0.7930
>>> Neural Network Field Transformation HMC Simulation: 
Trying to use torch.compile for optimized computation...
Successfully initialized torch.compile
>>> Loading trained model
Removing 'module.' prefix from state dict for model 0
Removing 'module.' prefix from state dict for model 1
Removing 'module.' prefix from state dict for model 2
Removing 'module.' prefix from state dict for model 3
Removing 'module.' prefix from state dict for model 4
Removing 'module.' prefix from state dict for model 5
Removing 'module.' prefix from state dict for model 6
Removing 'module.' prefix from state dict for model 7
Loaded best models from epoch 8 with loss 0.991296
>>> Model loaded successfully
>>> Initial thermalization...
Using step size: 0.10
>>> Simulation completed
>>> Theoretical plaquette:  0.8933831370440852
>>> Mean plaq:  0.8927533635869622
>>> Std of mean plaq:  0.00030945208023239803
Thermalization acceptance rate: 0.6600
Acceptance rate: 0.6777
