>>> No Field Transformation HMC Simulation: 
>>> Starting thermalization...
>>> Initial thermalization...
>>> Using step size: 0.10
>>> Thermalization completed in 4.62 seconds
>>> Starting simulation...
>>> Simulation completed in 11.87 seconds
>>> Total time (Standard HMC): 16.49 seconds
>>> Theoretical plaquette:  0.9123593043529149
>>> Mean plaq:  0.9125117877847515
>>> Std of mean plaq:  0.0002489463542659509
Thermalization acceptance rate: 0.7200
Acceptance rate: 0.7520
>>> Neural Network Field Transformation HMC Simulation: 
Trying to use torch.compile for optimized computation...
Successfully initialized torch.compile
>>> Loading trained model
Removing 'module.' prefix from state dict for model 0
Removing 'module.' prefix from state dict for model 1
Removing 'module.' prefix from state dict for model 2
Removing 'module.' prefix from state dict for model 3
Removing 'module.' prefix from state dict for model 4
Removing 'module.' prefix from state dict for model 5
Removing 'module.' prefix from state dict for model 6
Removing 'module.' prefix from state dict for model 7
Loaded best models from epoch 7 with loss 0.351555
>>> Model loaded successfully in 0.01 seconds
>>> Starting thermalization with field transformation...
>>> Initial thermalization...
Using step size: 0.12
>>> Thermalization with field transformation completed in 997.44 seconds
>>> Starting simulation with field transformation...
>>> Simulation with field transformation completed in 2568.66 seconds
>>> Total time (Field Transformation HMC): 3566.10 seconds
>>> Theoretical plaquette:  0.9123593043529149
>>> Mean plaq:  0.9164751713396981
>>> Std of mean plaq:  0.00020835846860512848
Thermalization acceptance rate: 0.0400
Acceptance rate: 0.0693

>>> Timing Comparison:
Standard HMC - Thermalization: 4.62s, Simulation: 11.87s, Total: 16.49s
FT HMC - Model Loading: 0.01s, Thermalization: 997.44s, Simulation: 2568.66s, Total: 3566.10s
Speed ratio (Standard HMC / FT HMC simulation time): 0.00x
