>>> No Field Transformation HMC Simulation: 
>>> Starting thermalization...
>>> Initial thermalization...
>>> Using step size: 0.10
>>> Thermalization completed in 4.72 seconds
>>> Starting simulation...
>>> Simulation completed in 12.12 seconds
>>> Total time (Standard HMC): 16.84 seconds
>>> Theoretical plaquette:  0.9123593043529149
>>> Mean plaq:  0.9125117877847515
>>> Std of mean plaq:  0.0002489463542659509
Thermalization acceptance rate: 0.7200
Acceptance rate: 0.7520
>>> Neural Network Field Transformation HMC Simulation: 
Trying to use torch.compile for optimized computation...
Successfully initialized torch.compile
>>> Loading trained model
Removing 'module.' prefix from state dict for model 0
Removing 'module.' prefix from state dict for model 1
Removing 'module.' prefix from state dict for model 2
Removing 'module.' prefix from state dict for model 3
Removing 'module.' prefix from state dict for model 4
Removing 'module.' prefix from state dict for model 5
Removing 'module.' prefix from state dict for model 6
Removing 'module.' prefix from state dict for model 7
Loaded best models from epoch 7 with loss 0.352776
>>> Model loaded successfully in 0.01 seconds
>>> Starting thermalization with field transformation...
>>> Initial thermalization...
Using step size: 0.05
>>> Thermalization with field transformation completed in 989.18 seconds
>>> Starting simulation with field transformation...
>>> Simulation with field transformation completed in 2569.49 seconds
>>> Total time (Field Transformation HMC): 3558.68 seconds
>>> Theoretical plaquette:  0.9123593043529149
>>> Mean plaq:  0.9119427126133814
>>> Std of mean plaq:  0.0002484671045142824
Thermalization acceptance rate: 0.9100
Acceptance rate: 0.8965

>>> Timing Comparison:
Standard HMC - Thermalization: 4.72s, Simulation: 12.12s, Total: 16.84s
FT HMC - Model Loading: 0.01s, Thermalization: 989.18s, Simulation: 2569.49s, Total: 3558.68s
Speed ratio (Standard HMC / FT HMC simulation time): 0.00x
