>>> No Field Transformation HMC Simulation: 
>>> Initial thermalization...
>>> Using step size: 0.10
>>> Final thermalization...
>>> Simulation completed
>>> Theoretical plaquette:  0.9038174337574352
>>> Mean plaq:  0.9041421843576245
>>> Std of mean plaq:  0.00025056849352396947
Thermalization acceptance rate: 0.7650
Acceptance rate: 0.7764
>>> Neural Network Field Transformation HMC Simulation: 
Trying to use torch.compile for optimized computation...
Successfully initialized torch.compile
>>> Loading trained model
Removing 'module.' prefix from state dict for model 0
Removing 'module.' prefix from state dict for model 1
Removing 'module.' prefix from state dict for model 2
Removing 'module.' prefix from state dict for model 3
Removing 'module.' prefix from state dict for model 4
Removing 'module.' prefix from state dict for model 5
Removing 'module.' prefix from state dict for model 6
Removing 'module.' prefix from state dict for model 7
Loaded best models from epoch 6 with loss 0.302808
>>> Model loaded successfully
>>> Initial thermalization...
Using step size: 0.10
>>> Simulation completed
>>> Theoretical plaquette:  0.9038174337574352
>>> Mean plaq:  0.903401077084709
>>> Std of mean plaq:  0.00026172542995673274
Thermalization acceptance rate: 0.5400
Acceptance rate: 0.5430
