>>> No Field Transformation HMC Simulation: 
>>> Starting thermalization...
>>> Initial thermalization...
>>> Using step size: 0.10
>>> Thermalization completed in 4.64 seconds
>>> Starting simulation...
>>> Simulation completed in 11.92 seconds
>>> Total time (Standard HMC): 16.56 seconds
>>> Theoretical plaquette:  0.9038174337574352
>>> Mean plaq:  0.9050597888417542
>>> Std of mean plaq:  0.00024365636618191538
Thermalization acceptance rate: 0.7750
Acceptance rate: 0.7666
>>> Neural Network Field Transformation HMC Simulation: 
Trying to use torch.compile for optimized computation...
Successfully initialized torch.compile
>>> Loading trained model
Removing 'module.' prefix from state dict for model 0
Removing 'module.' prefix from state dict for model 1
Removing 'module.' prefix from state dict for model 2
Removing 'module.' prefix from state dict for model 3
Removing 'module.' prefix from state dict for model 4
Removing 'module.' prefix from state dict for model 5
Removing 'module.' prefix from state dict for model 6
Removing 'module.' prefix from state dict for model 7
Loaded best models from epoch 7 with loss 0.318227
>>> Model loaded successfully in 0.02 seconds
>>> Starting thermalization with field transformation...
>>> Initial thermalization...
Using step size: 0.08
>>> Thermalization with field transformation completed in 1483.80 seconds
>>> Starting simulation with field transformation...
>>> Simulation with field transformation completed in 3922.61 seconds
>>> Total time (Field Transformation HMC): 5406.42 seconds
>>> Theoretical plaquette:  0.9038174337574352
>>> Mean plaq:  0.9043202349566855
>>> Std of mean plaq:  0.00027999376022865474
Thermalization acceptance rate: 0.7300
Acceptance rate: 0.8027

>>> Timing Comparison:
Standard HMC - Thermalization: 4.64s, Simulation: 11.92s, Total: 16.56s
FT HMC - Model Loading: 0.02s, Thermalization: 1483.80s, Simulation: 3922.61s, Total: 5406.42s
Speed ratio (Standard HMC / FT HMC simulation time): 0.00x
