>>> No Field Transformation HMC Simulation: 
>>> Starting thermalization...
>>> Initial thermalization...
>>> Using step size: 0.10
>>> Thermalization completed in 4.66 seconds
>>> Starting simulation...
>>> Simulation completed in 11.91 seconds
>>> Total time (Standard HMC): 16.58 seconds
>>> Theoretical plaquette:  0.9123593043529149
>>> Mean plaq:  0.9125117877847515
>>> Std of mean plaq:  0.0002489463542659509
Thermalization acceptance rate: 0.7200
Acceptance rate: 0.7520
>>> Neural Network Field Transformation HMC Simulation: 
Trying to use torch.compile for optimized computation...
Successfully initialized torch.compile
>>> Loading trained model
Removing 'module.' prefix from state dict for model 0
Removing 'module.' prefix from state dict for model 1
Removing 'module.' prefix from state dict for model 2
Removing 'module.' prefix from state dict for model 3
Removing 'module.' prefix from state dict for model 4
Removing 'module.' prefix from state dict for model 5
Removing 'module.' prefix from state dict for model 6
Removing 'module.' prefix from state dict for model 7
Loaded best models from epoch 10 with loss 1.091946
>>> Model loaded successfully in 0.01 seconds
>>> Starting thermalization with field transformation...
>>> Initial thermalization...
Using step size: 0.06
>>> Thermalization with field transformation completed in 1002.28 seconds
>>> Starting simulation with field transformation...
>>> Simulation with field transformation completed in 2559.69 seconds
>>> Total time (Field Transformation HMC): 3561.97 seconds
>>> Theoretical plaquette:  0.9123593043529149
>>> Mean plaq:  0.9130946614313871
>>> Std of mean plaq:  0.0002469608724155419
Thermalization acceptance rate: 0.8650
Acceptance rate: 0.8984

>>> Timing Comparison:
Standard HMC - Thermalization: 4.66s, Simulation: 11.91s, Total: 16.58s
FT HMC - Model Loading: 0.01s, Thermalization: 1002.28s, Simulation: 2559.69s, Total: 3561.97s
Speed ratio (Standard HMC / FT HMC simulation time): 0.00x
