>>> No Field Transformation HMC Simulation: 
>>> Starting thermalization...
>>> Initial thermalization...
>>> Using step size: 0.10
>>> Thermalization completed in 4.65 seconds
>>> Starting simulation...
>>> Simulation completed in 12.15 seconds
>>> Total time (Standard HMC): 16.79 seconds
>>> Theoretical plaquette:  0.9123593043529149
>>> Mean plaq:  0.9125117877847515
>>> Std of mean plaq:  0.0002489463542659509
Thermalization acceptance rate: 0.7200
Acceptance rate: 0.7520
>>> Neural Network Field Transformation HMC Simulation: 
Trying to use torch.compile for optimized computation...
Successfully initialized torch.compile
>>> Loading trained model
Removing 'module.' prefix from state dict for model 0
Removing 'module.' prefix from state dict for model 1
Removing 'module.' prefix from state dict for model 2
Removing 'module.' prefix from state dict for model 3
Removing 'module.' prefix from state dict for model 4
Removing 'module.' prefix from state dict for model 5
Removing 'module.' prefix from state dict for model 6
Removing 'module.' prefix from state dict for model 7
Loaded best models from epoch 10 with loss 1.091946
>>> Model loaded successfully in 0.01 seconds
>>> Starting thermalization with field transformation...
>>> Initial thermalization...
Using step size: 0.15
>>> Thermalization with field transformation completed in 995.01 seconds
>>> Starting simulation with field transformation...
>>> Simulation with field transformation completed in 2560.54 seconds
>>> Total time (Field Transformation HMC): 3555.55 seconds
>>> Theoretical plaquette:  0.9123593043529149
>>> Mean plaq:  0.9201041735941544
>>> Std of mean plaq:  0.00013638358899204048
Thermalization acceptance rate: 0.0200
Acceptance rate: 0.0088

>>> Timing Comparison:
Standard HMC - Thermalization: 4.65s, Simulation: 12.15s, Total: 16.79s
FT HMC - Model Loading: 0.01s, Thermalization: 995.01s, Simulation: 2560.54s, Total: 3555.55s
Speed ratio (Standard HMC / FT HMC simulation time): 0.00x
