>>> No Field Transformation HMC Simulation: 
>>> Starting thermalization...
>>> Initial thermalization...
>>> Using step size: 0.10
>>> Thermalization completed in 4.64 seconds
>>> Starting simulation...
>>> Simulation completed in 12.23 seconds
>>> Total time (Standard HMC): 16.87 seconds
>>> Theoretical plaquette:  0.9038174337574352
>>> Mean plaq:  0.9050597888417542
>>> Std of mean plaq:  0.00024365636618191538
Thermalization acceptance rate: 0.7750
Acceptance rate: 0.7666
>>> Neural Network Field Transformation HMC Simulation: 
Trying to use torch.compile for optimized computation...
Successfully initialized torch.compile
>>> Loading trained model
Removing 'module.' prefix from state dict for model 0
Removing 'module.' prefix from state dict for model 1
Removing 'module.' prefix from state dict for model 2
Removing 'module.' prefix from state dict for model 3
Removing 'module.' prefix from state dict for model 4
Removing 'module.' prefix from state dict for model 5
Removing 'module.' prefix from state dict for model 6
Removing 'module.' prefix from state dict for model 7
Loaded best models from epoch 10 with loss 1.091946
>>> Model loaded successfully in 0.01 seconds
>>> Starting thermalization with field transformation...
>>> Initial thermalization...
Using step size: 0.13
>>> Thermalization with field transformation completed in 994.08 seconds
>>> Starting simulation with field transformation...
>>> Simulation with field transformation completed in 2552.93 seconds
>>> Total time (Field Transformation HMC): 3547.02 seconds
>>> Theoretical plaquette:  0.9038174337574352
>>> Mean plaq:  0.9003090483602136
>>> Std of mean plaq:  0.00023901629199388655
Thermalization acceptance rate: 0.2200
Acceptance rate: 0.1719

>>> Timing Comparison:
Standard HMC - Thermalization: 4.64s, Simulation: 12.23s, Total: 16.87s
FT HMC - Model Loading: 0.01s, Thermalization: 994.08s, Simulation: 2552.93s, Total: 3547.02s
Speed ratio (Standard HMC / FT HMC simulation time): 0.00x
