>>> No Field Transformation HMC Simulation: 
>>> Starting thermalization...
>>> Initial thermalization...
>>> Using step size: 0.10
>>> Thermalization completed in 4.89 seconds
>>> Starting simulation...
>>> Simulation completed in 12.61 seconds
>>> Total time (Standard HMC): 17.51 seconds
>>> Theoretical plaquette:  0.9038174337574352
>>> Mean plaq:  0.9050597888417542
>>> Std of mean plaq:  0.00024365636618191538
Thermalization acceptance rate: 0.7750
Acceptance rate: 0.7666
>>> Neural Network Field Transformation HMC Simulation: 
Trying to use torch.compile for optimized computation...
Successfully initialized torch.compile
>>> Loading trained model
Removing 'module.' prefix from state dict for model 0
Removing 'module.' prefix from state dict for model 1
Removing 'module.' prefix from state dict for model 2
Removing 'module.' prefix from state dict for model 3
Removing 'module.' prefix from state dict for model 4
Removing 'module.' prefix from state dict for model 5
Removing 'module.' prefix from state dict for model 6
Removing 'module.' prefix from state dict for model 7
Loaded best models from epoch 10 with loss 1.091946
>>> Model loaded successfully in 0.01 seconds
>>> Starting thermalization with field transformation...
>>> Initial thermalization...
Using step size: 0.15
>>> Thermalization with field transformation completed in 995.66 seconds
>>> Starting simulation with field transformation...
>>> Simulation with field transformation completed in 2558.21 seconds
>>> Total time (Field Transformation HMC): 3553.88 seconds
>>> Theoretical plaquette:  0.9038174337574352
>>> Mean plaq:  0.9051234064390883
>>> Std of mean plaq:  0.00018963658283645572
Thermalization acceptance rate: 0.0300
Acceptance rate: 0.0117

>>> Timing Comparison:
Standard HMC - Thermalization: 4.89s, Simulation: 12.61s, Total: 17.51s
FT HMC - Model Loading: 0.01s, Thermalization: 995.66s, Simulation: 2558.21s, Total: 3553.88s
Speed ratio (Standard HMC / FT HMC simulation time): 0.00x
