PyTorch version: 2.5.1
CUDA available: True
CUDA devices: 1
CUDA device name: NVIDIA GeForce RTX 3060
Lattice size: 16x16
Number of subsets: 8
Check Jacobian: False
Identity initialization: True
Continue training: True
Trying to use torch.compile for optimized computation...
Successfully initialized torch.compile
Removing 'module.' prefix from state dict for model 0
Removing 'module.' prefix from state dict for model 1
Removing 'module.' prefix from state dict for model 2
Removing 'module.' prefix from state dict for model 3
Removing 'module.' prefix from state dict for model 4
Removing 'module.' prefix from state dict for model 5
Removing 'module.' prefix from state dict for model 6
Removing 'module.' prefix from state dict for model 7
Loaded best models from epoch 10 with loss 1.091946
>>> Loaded the best model at beta = 4.0 to continue training
Loaded data shape: torch.Size([1024, 2, 16, 16])
Training data shape: torch.Size([819, 2, 16, 16])
Testing data shape: torch.Size([205, 2, 16, 16])

>>> Training the model at beta =  4.5

>>> Training the model at beta = 4.5

Epoch 1/10 - Train Loss: 1.062530 - Test Loss: 0.926839
Epoch 2/10 - Train Loss: 0.891276 - Test Loss: 0.854820
Epoch 3/10 - Train Loss: 0.837407 - Test Loss: 0.851394
Epoch 4/10 - Train Loss: 0.791931 - Test Loss: 0.871436
Epoch 5/10 - Train Loss: 0.809669 - Test Loss: 0.845551
Epoch 6/10 - Train Loss: 0.804947 - Test Loss: 0.852286
Epoch 7/10 - Train Loss: 0.821628 - Test Loss: 0.954860
Epoch 8/10 - Train Loss: 0.832630 - Test Loss: 0.866235
Epoch 9/10 - Train Loss: 0.762554 - Test Loss: 0.844674
Epoch 10/10 - Train Loss: 0.726739 - Test Loss: 0.835606
Loaded best models from epoch 10 with loss 0.835606

>>> Completed beta = 4.5
>>> Time for this beta: 0:27:28
>>> Total elapsed time: 0:27:28
==================================================
Loaded data shape: torch.Size([1024, 2, 16, 16])
Training data shape: torch.Size([819, 2, 16, 16])
Testing data shape: torch.Size([205, 2, 16, 16])

>>> Training the model at beta =  5.0

>>> Training the model at beta = 5.0

Epoch 1/10 - Train Loss: 0.866704 - Test Loss: 0.915113
Epoch 2/10 - Train Loss: 0.683980 - Test Loss: 0.845908
Epoch 3/10 - Train Loss: 0.594587 - Test Loss: 0.849365
Epoch 4/10 - Train Loss: 0.579663 - Test Loss: 0.855787
Epoch 5/10 - Train Loss: 0.582059 - Test Loss: 0.826924
Epoch 6/10 - Train Loss: 0.544680 - Test Loss: 0.833790
Epoch 7/10 - Train Loss: 0.551943 - Test Loss: 0.844900
Epoch 8/10 - Train Loss: 0.539011 - Test Loss: 0.852124
Epoch 9/10 - Train Loss: 0.518853 - Test Loss: 0.797822
Epoch 10/10 - Train Loss: 0.523193 - Test Loss: 0.807211
Loaded best models from epoch 9 with loss 0.797822

>>> Completed beta = 5.0
>>> Time for this beta: 0:27:25
>>> Total elapsed time: 0:54:54
==================================================
Loaded data shape: torch.Size([1024, 2, 16, 16])
Training data shape: torch.Size([819, 2, 16, 16])
Testing data shape: torch.Size([205, 2, 16, 16])

>>> Training the model at beta =  5.5

>>> Training the model at beta = 5.5

Epoch 1/10 - Train Loss: 0.692152 - Test Loss: 0.539785
Epoch 2/10 - Train Loss: 0.520777 - Test Loss: 0.431795
Epoch 3/10 - Train Loss: 0.490413 - Test Loss: 0.548664
Epoch 4/10 - Train Loss: 0.495464 - Test Loss: 0.453302
Epoch 5/10 - Train Loss: 0.459598 - Test Loss: 0.415612
Epoch 6/10 - Train Loss: 0.456268 - Test Loss: 0.433364
Epoch 7/10 - Train Loss: 0.473793 - Test Loss: 0.417758
Epoch 8/10 - Train Loss: 0.432802 - Test Loss: 0.389683
Epoch 9/10 - Train Loss: 0.414857 - Test Loss: 0.384043
Epoch 10/10 - Train Loss: 0.419325 - Test Loss: 0.398752
Loaded best models from epoch 9 with loss 0.384043

>>> Completed beta = 5.5
>>> Time for this beta: 0:27:15
>>> Total elapsed time: 1:22:09
==================================================
Loaded data shape: torch.Size([1024, 2, 16, 16])
Training data shape: torch.Size([819, 2, 16, 16])
Testing data shape: torch.Size([205, 2, 16, 16])

>>> Training the model at beta =  6.0

>>> Training the model at beta = 6.0

Epoch 1/10 - Train Loss: 0.600193 - Test Loss: 0.483264
Epoch 2/10 - Train Loss: 0.419039 - Test Loss: 0.388875
Epoch 3/10 - Train Loss: 0.395041 - Test Loss: 0.435113
Epoch 4/10 - Train Loss: 0.415450 - Test Loss: 0.362782
Epoch 5/10 - Train Loss: 0.423531 - Test Loss: 0.389972
Epoch 6/10 - Train Loss: 0.378356 - Test Loss: 0.362524
Epoch 7/10 - Train Loss: 0.360926 - Test Loss: 0.352776
Epoch 8/10 - Train Loss: 0.367426 - Test Loss: 0.374473
Epoch 9/10 - Train Loss: 0.363208 - Test Loss: 0.403462
Epoch 10/10 - Train Loss: 0.401792 - Test Loss: 0.371696
Loaded best models from epoch 7 with loss 0.352776

>>> Completed beta = 6.0
>>> Time for this beta: 0:27:09
>>> Total elapsed time: 1:49:19
==================================================
