PyTorch version: 2.5.1
CUDA available: True
CUDA devices: 1
CUDA device name: NVIDIA GeForce RTX 3060
Lattice size: 16x16
Number of subsets: 8
Check Jacobian: False
Trying to use torch.compile for optimized computation...
Successfully initialized torch.compile
Loaded data shape: torch.Size([1024, 2, 16, 16])
Training data shape: torch.Size([819, 2, 16, 16])
Testing data shape: torch.Size([205, 2, 16, 16])

>>> Training the model at beta =  2.0

>>> Training the model at beta = 2.0

Epoch 1/10 - Train Loss: 8.359485 - Test Loss: 6.209981
Epoch 2/10 - Train Loss: 6.178991 - Test Loss: 5.709428
Epoch 3/10 - Train Loss: 5.796112 - Test Loss: 5.427854
Epoch 4/10 - Train Loss: 5.455364 - Test Loss: 5.170023
Epoch 5/10 - Train Loss: 5.150951 - Test Loss: 4.977249
Epoch 6/10 - Train Loss: 4.878725 - Test Loss: 4.849392
Epoch 7/10 - Train Loss: 4.652600 - Test Loss: 4.668892
Epoch 8/10 - Train Loss: 4.452094 - Test Loss: 4.584474
Epoch 9/10 - Train Loss: 4.264522 - Test Loss: 4.483669
Epoch 10/10 - Train Loss: 4.070819 - Test Loss: 4.313332
Loaded best models from epoch 9 with loss 4.313332
Loaded data shape: torch.Size([1024, 2, 16, 16])
Training data shape: torch.Size([819, 2, 16, 16])
Testing data shape: torch.Size([205, 2, 16, 16])

>>> Training the model at beta =  2.5

>>> Training the model at beta = 2.5

Epoch 1/10 - Train Loss: 4.816272 - Test Loss: 4.257314
Epoch 2/10 - Train Loss: 4.122863 - Test Loss: 3.928591
Epoch 3/10 - Train Loss: 3.674320 - Test Loss: 3.526941
Epoch 4/10 - Train Loss: 3.293002 - Test Loss: 3.370000
Epoch 5/10 - Train Loss: 2.988668 - Test Loss: 3.028036
Epoch 6/10 - Train Loss: 2.727417 - Test Loss: 2.941104
Epoch 7/10 - Train Loss: 2.543758 - Test Loss: 2.835482
Epoch 8/10 - Train Loss: 2.413273 - Test Loss: 2.728936
Epoch 9/10 - Train Loss: 2.305988 - Test Loss: 2.635549
Epoch 10/10 - Train Loss: 2.206444 - Test Loss: 2.490943
Loaded best models from epoch 9 with loss 2.490943
Loaded data shape: torch.Size([1024, 2, 16, 16])
Training data shape: torch.Size([819, 2, 16, 16])
Testing data shape: torch.Size([205, 2, 16, 16])

>>> Training the model at beta =  3.0

>>> Training the model at beta = 3.0

Epoch 1/10 - Train Loss: 2.337053 - Test Loss: 1.967968
Epoch 2/10 - Train Loss: 1.904503 - Test Loss: 1.848041
Epoch 3/10 - Train Loss: 1.723367 - Test Loss: 1.743528
Epoch 4/10 - Train Loss: 1.640892 - Test Loss: 1.759457
Epoch 5/10 - Train Loss: 1.580291 - Test Loss: 1.716453
Epoch 6/10 - Train Loss: 1.517481 - Test Loss: 1.642178
Epoch 7/10 - Train Loss: 1.469699 - Test Loss: 1.637311
Epoch 8/10 - Train Loss: 1.434134 - Test Loss: 1.561431
Epoch 9/10 - Train Loss: 1.384407 - Test Loss: 1.557058
Epoch 10/10 - Train Loss: 1.341333 - Test Loss: 1.506532
Loaded best models from epoch 9 with loss 1.506532
